2025-08-19 14:05:25,979 - pyiron_log - INFO - Assigning a channel with the label cell_1 to the io key cell_selector1659114386928__cell_1
2025-08-19 14:05:25,979 - pyiron_log - INFO - Assigning a channel with the label cell_2 to the io key cell_selector1659114386928__cell_2
2025-08-19 14:05:25,979 - pyiron_log - INFO - Assigning a channel with the label cell_3 to the io key cell_selector1659114386928__cell_3
2025-08-19 14:05:25,979 - pyiron_log - INFO - Assigning a channel with the label cell_4 to the io key cell_selector1659114386928__cell_4
2025-08-19 14:05:25,979 - pyiron_log - INFO - Assigning a channel with the label cell_5 to the io key cell_selector1659114386928__cell_5
2025-08-19 14:05:25,979 - pyiron_log - INFO - Assigning a channel with the label cell_6 to the io key cell_selector1659114386928__cell_6
2025-08-19 14:05:25,980 - pyiron_log - INFO - Assigning a channel with the label cell_7 to the io key cell_selector1659114386928__cell_7
2025-08-19 14:05:25,980 - pyiron_log - INFO - Assigning a channel with the label cell_8 to the io key cell_selector1659114386928__cell_8
2025-08-19 14:05:25,980 - pyiron_log - INFO - Assigning a channel with the label cell_9 to the io key cell_selector1659114386928__cell_9
2025-08-19 14:05:25,980 - pyiron_log - INFO - Assigning a channel with the label cell_10 to the io key cell_selector1659114386928__cell_10
2025-08-19 14:05:25,980 - pyiron_log - INFO - Assigning a channel with the label cell_11 to the io key cell_selector1659114386928__cell_11
2025-08-19 14:05:25,980 - pyiron_log - INFO - Assigning a channel with the label cell_12 to the io key cell_selector1659114386928__cell_12
2025-08-19 14:05:25,980 - pyiron_log - INFO - Assigning a channel with the label cell_13 to the io key cell_selector1659114386928__cell_13
2025-08-19 14:05:25,980 - pyiron_log - INFO - Assigning a channel with the label cell_14 to the io key cell_selector1659114386928__cell_14
2025-08-19 14:05:25,980 - pyiron_log - INFO - Assigning a channel with the label cell_15 to the io key cell_selector1659114386928__cell_15
2025-08-19 14:05:25,980 - pyiron_log - INFO - Assigning a channel with the label cell_16 to the io key cell_selector1659114386928__cell_16
2025-08-19 14:05:25,980 - pyiron_log - INFO - Assigning a channel with the label step_1 to the io key config1659094442704__step_1
2025-08-19 14:05:25,980 - pyiron_log - INFO - Assigning a channel with the label step_2 to the io key config1659094442704__step_2
2025-08-19 14:05:25,980 - pyiron_log - INFO - Assigning a channel with the label step_3 to the io key config1659094442704__step_3
2025-08-19 14:05:25,980 - pyiron_log - INFO - Assigning a channel with the label step_4 to the io key config1659094442704__step_4
2025-08-19 14:05:25,980 - pyiron_log - INFO - Assigning a channel with the label step_5 to the io key config1659094442704__step_5
2025-08-19 14:05:25,980 - pyiron_log - INFO - Assigning a channel with the label step_6 to the io key config1659094442704__step_6
2025-08-19 14:05:25,980 - pyiron_log - INFO - Assigning a channel with the label num_repeats to the io key config1659094442704__num_repeats
2025-08-19 14:05:25,980 - pyiron_log - INFO - Assigning a channel with the label delta_cell to the io key config1659094442704__delta_cell
2025-08-19 14:05:25,980 - pyiron_log - INFO - Assigning a channel with the label delta_repeat to the io key config1659094442704__delta_repeat
2025-08-19 14:05:25,980 - pyiron_log - INFO - Assigning a channel with the label setup_no to the io key config1659094442704__setup_no
2025-08-19 14:05:25,980 - pyiron_log - INFO - Assigning a channel with the label printer_port to the io key config1659094442704__printer_port
2025-08-19 14:05:25,980 - pyiron_log - INFO - Assigning a channel with the label palmsens_port to the io key config1659094442704__palmsens_port
2025-08-19 14:05:25,980 - pyiron_log - INFO - Assigning a channel with the label printer_baud to the io key config1659094442704__printer_baud
2025-08-19 14:05:25,980 - pyiron_log - INFO - Assigning a channel with the label palmsens_baud to the io key config1659094442704__palmsens_baud
2025-08-19 14:05:25,981 - pyiron_log - INFO - Assigning a channel with the label simulate to the io key config1659094442704__simulate
2025-08-19 14:05:25,981 - pyiron_log - INFO - Assigning a channel with the label show_plot to the io key config1659094442704__show_plot
2025-08-19 14:05:25,981 - pyiron_log - INFO - Assigning a channel with the label cell_1 to the io key cell_selector1659114386928__cell_1
2025-08-19 14:05:25,981 - pyiron_log - INFO - Assigning a channel with the label cell_2 to the io key cell_selector1659114386928__cell_2
2025-08-19 14:05:25,981 - pyiron_log - INFO - Assigning a channel with the label cell_3 to the io key cell_selector1659114386928__cell_3
2025-08-19 14:05:25,981 - pyiron_log - INFO - Assigning a channel with the label cell_4 to the io key cell_selector1659114386928__cell_4
2025-08-19 14:05:25,981 - pyiron_log - INFO - Assigning a channel with the label cell_5 to the io key cell_selector1659114386928__cell_5
2025-08-19 14:05:25,981 - pyiron_log - INFO - Assigning a channel with the label cell_6 to the io key cell_selector1659114386928__cell_6
2025-08-19 14:05:25,981 - pyiron_log - INFO - Assigning a channel with the label cell_7 to the io key cell_selector1659114386928__cell_7
2025-08-19 14:05:25,981 - pyiron_log - INFO - Assigning a channel with the label cell_8 to the io key cell_selector1659114386928__cell_8
2025-08-19 14:05:25,981 - pyiron_log - INFO - Assigning a channel with the label cell_9 to the io key cell_selector1659114386928__cell_9
2025-08-19 14:05:25,981 - pyiron_log - INFO - Assigning a channel with the label cell_10 to the io key cell_selector1659114386928__cell_10
2025-08-19 14:05:25,981 - pyiron_log - INFO - Assigning a channel with the label cell_11 to the io key cell_selector1659114386928__cell_11
2025-08-19 14:05:25,981 - pyiron_log - INFO - Assigning a channel with the label cell_12 to the io key cell_selector1659114386928__cell_12
2025-08-19 14:05:25,981 - pyiron_log - INFO - Assigning a channel with the label cell_13 to the io key cell_selector1659114386928__cell_13
2025-08-19 14:05:25,981 - pyiron_log - INFO - Assigning a channel with the label cell_14 to the io key cell_selector1659114386928__cell_14
2025-08-19 14:05:25,981 - pyiron_log - INFO - Assigning a channel with the label cell_15 to the io key cell_selector1659114386928__cell_15
2025-08-19 14:05:25,981 - pyiron_log - INFO - Assigning a channel with the label cell_16 to the io key cell_selector1659114386928__cell_16
2025-08-19 14:05:25,981 - pyiron_log - INFO - Assigning a channel with the label step_1 to the io key config1659094442704__step_1
2025-08-19 14:05:25,981 - pyiron_log - INFO - Assigning a channel with the label step_2 to the io key config1659094442704__step_2
2025-08-19 14:05:25,981 - pyiron_log - INFO - Assigning a channel with the label step_3 to the io key config1659094442704__step_3
2025-08-19 14:05:25,981 - pyiron_log - INFO - Assigning a channel with the label step_4 to the io key config1659094442704__step_4
2025-08-19 14:05:25,981 - pyiron_log - INFO - Assigning a channel with the label step_5 to the io key config1659094442704__step_5
2025-08-19 14:05:25,981 - pyiron_log - INFO - Assigning a channel with the label step_6 to the io key config1659094442704__step_6
2025-08-19 14:05:25,981 - pyiron_log - INFO - Assigning a channel with the label num_repeats to the io key config1659094442704__num_repeats
2025-08-19 14:05:25,981 - pyiron_log - INFO - Assigning a channel with the label delta_cell to the io key config1659094442704__delta_cell
2025-08-19 14:05:25,981 - pyiron_log - INFO - Assigning a channel with the label delta_repeat to the io key config1659094442704__delta_repeat
2025-08-19 14:05:25,981 - pyiron_log - INFO - Assigning a channel with the label setup_no to the io key config1659094442704__setup_no
2025-08-19 14:05:25,981 - pyiron_log - INFO - Assigning a channel with the label printer_port to the io key config1659094442704__printer_port
2025-08-19 14:05:25,981 - pyiron_log - INFO - Assigning a channel with the label palmsens_port to the io key config1659094442704__palmsens_port
2025-08-19 14:05:25,982 - pyiron_log - INFO - Assigning a channel with the label printer_baud to the io key config1659094442704__printer_baud
2025-08-19 14:05:25,982 - pyiron_log - INFO - Assigning a channel with the label palmsens_baud to the io key config1659094442704__palmsens_baud
2025-08-19 14:05:25,982 - pyiron_log - INFO - Assigning a channel with the label simulate to the io key config1659094442704__simulate
2025-08-19 14:05:25,982 - pyiron_log - INFO - Assigning a channel with the label show_plot to the io key config1659094442704__show_plot
2025-08-19 14:05:25,982 - pyiron_log - INFO - Assigning a channel with the label cell_1 to the io key cell_selector1659114386928__cell_1
2025-08-19 14:05:25,982 - pyiron_log - INFO - Assigning a channel with the label cell_2 to the io key cell_selector1659114386928__cell_2
2025-08-19 14:05:25,982 - pyiron_log - INFO - Assigning a channel with the label cell_3 to the io key cell_selector1659114386928__cell_3
2025-08-19 14:05:25,982 - pyiron_log - INFO - Assigning a channel with the label cell_4 to the io key cell_selector1659114386928__cell_4
2025-08-19 14:05:25,982 - pyiron_log - INFO - Assigning a channel with the label cell_5 to the io key cell_selector1659114386928__cell_5
2025-08-19 14:05:25,982 - pyiron_log - INFO - Assigning a channel with the label cell_6 to the io key cell_selector1659114386928__cell_6
2025-08-19 14:05:25,982 - pyiron_log - INFO - Assigning a channel with the label cell_7 to the io key cell_selector1659114386928__cell_7
2025-08-19 14:05:25,982 - pyiron_log - INFO - Assigning a channel with the label cell_8 to the io key cell_selector1659114386928__cell_8
2025-08-19 14:05:25,982 - pyiron_log - INFO - Assigning a channel with the label cell_9 to the io key cell_selector1659114386928__cell_9
2025-08-19 14:05:25,982 - pyiron_log - INFO - Assigning a channel with the label cell_10 to the io key cell_selector1659114386928__cell_10
2025-08-19 14:05:25,982 - pyiron_log - INFO - Assigning a channel with the label cell_11 to the io key cell_selector1659114386928__cell_11
2025-08-19 14:05:25,982 - pyiron_log - INFO - Assigning a channel with the label cell_12 to the io key cell_selector1659114386928__cell_12
2025-08-19 14:05:25,982 - pyiron_log - INFO - Assigning a channel with the label cell_13 to the io key cell_selector1659114386928__cell_13
2025-08-19 14:05:25,982 - pyiron_log - INFO - Assigning a channel with the label cell_14 to the io key cell_selector1659114386928__cell_14
2025-08-19 14:05:25,982 - pyiron_log - INFO - Assigning a channel with the label cell_15 to the io key cell_selector1659114386928__cell_15
2025-08-19 14:05:25,982 - pyiron_log - INFO - Assigning a channel with the label cell_16 to the io key cell_selector1659114386928__cell_16
2025-08-19 14:05:25,982 - pyiron_log - INFO - Assigning a channel with the label step_1 to the io key config1659094442704__step_1
2025-08-19 14:05:25,982 - pyiron_log - INFO - Assigning a channel with the label step_2 to the io key config1659094442704__step_2
2025-08-19 14:05:25,982 - pyiron_log - INFO - Assigning a channel with the label step_3 to the io key config1659094442704__step_3
2025-08-19 14:05:25,982 - pyiron_log - INFO - Assigning a channel with the label step_4 to the io key config1659094442704__step_4
2025-08-19 14:05:25,982 - pyiron_log - INFO - Assigning a channel with the label step_5 to the io key config1659094442704__step_5
2025-08-19 14:05:25,982 - pyiron_log - INFO - Assigning a channel with the label step_6 to the io key config1659094442704__step_6
2025-08-19 14:05:25,982 - pyiron_log - INFO - Assigning a channel with the label num_repeats to the io key config1659094442704__num_repeats
2025-08-19 14:05:25,982 - pyiron_log - INFO - Assigning a channel with the label delta_cell to the io key config1659094442704__delta_cell
2025-08-19 14:05:25,982 - pyiron_log - INFO - Assigning a channel with the label delta_repeat to the io key config1659094442704__delta_repeat
2025-08-19 14:05:25,982 - pyiron_log - INFO - Assigning a channel with the label setup_no to the io key config1659094442704__setup_no
2025-08-19 14:05:25,982 - pyiron_log - INFO - Assigning a channel with the label printer_port to the io key config1659094442704__printer_port
2025-08-19 14:05:25,983 - pyiron_log - INFO - Assigning a channel with the label palmsens_port to the io key config1659094442704__palmsens_port
2025-08-19 14:05:25,983 - pyiron_log - INFO - Assigning a channel with the label printer_baud to the io key config1659094442704__printer_baud
2025-08-19 14:05:25,983 - pyiron_log - INFO - Assigning a channel with the label palmsens_baud to the io key config1659094442704__palmsens_baud
2025-08-19 14:05:25,983 - pyiron_log - INFO - Assigning a channel with the label simulate to the io key config1659094442704__simulate
2025-08-19 14:05:25,983 - pyiron_log - INFO - Assigning a channel with the label show_plot to the io key config1659094442704__show_plot
2025-08-19 14:05:25,983 - pyiron_log - INFO - Assigning a channel with the label cell_1 to the io key cell_selector1659114386928__cell_1
2025-08-19 14:05:25,983 - pyiron_log - INFO - Assigning a channel with the label cell_2 to the io key cell_selector1659114386928__cell_2
2025-08-19 14:05:25,983 - pyiron_log - INFO - Assigning a channel with the label cell_3 to the io key cell_selector1659114386928__cell_3
2025-08-19 14:05:25,983 - pyiron_log - INFO - Assigning a channel with the label cell_4 to the io key cell_selector1659114386928__cell_4
2025-08-19 14:05:25,983 - pyiron_log - INFO - Assigning a channel with the label cell_5 to the io key cell_selector1659114386928__cell_5
2025-08-19 14:05:25,983 - pyiron_log - INFO - Assigning a channel with the label cell_6 to the io key cell_selector1659114386928__cell_6
2025-08-19 14:05:25,983 - pyiron_log - INFO - Assigning a channel with the label cell_7 to the io key cell_selector1659114386928__cell_7
2025-08-19 14:05:25,983 - pyiron_log - INFO - Assigning a channel with the label cell_8 to the io key cell_selector1659114386928__cell_8
2025-08-19 14:05:25,983 - pyiron_log - INFO - Assigning a channel with the label cell_9 to the io key cell_selector1659114386928__cell_9
2025-08-19 14:05:25,983 - pyiron_log - INFO - Assigning a channel with the label cell_10 to the io key cell_selector1659114386928__cell_10
2025-08-19 14:05:25,983 - pyiron_log - INFO - Assigning a channel with the label cell_11 to the io key cell_selector1659114386928__cell_11
2025-08-19 14:05:25,983 - pyiron_log - INFO - Assigning a channel with the label cell_12 to the io key cell_selector1659114386928__cell_12
2025-08-19 14:05:25,983 - pyiron_log - INFO - Assigning a channel with the label cell_13 to the io key cell_selector1659114386928__cell_13
2025-08-19 14:05:25,983 - pyiron_log - INFO - Assigning a channel with the label cell_14 to the io key cell_selector1659114386928__cell_14
2025-08-19 14:05:25,983 - pyiron_log - INFO - Assigning a channel with the label cell_15 to the io key cell_selector1659114386928__cell_15
2025-08-19 14:05:25,983 - pyiron_log - INFO - Assigning a channel with the label cell_16 to the io key cell_selector1659114386928__cell_16
2025-08-19 14:05:25,983 - pyiron_log - INFO - Assigning a channel with the label step_1 to the io key config1659094442704__step_1
2025-08-19 14:05:25,983 - pyiron_log - INFO - Assigning a channel with the label step_2 to the io key config1659094442704__step_2
2025-08-19 14:05:25,983 - pyiron_log - INFO - Assigning a channel with the label step_3 to the io key config1659094442704__step_3
2025-08-19 14:05:25,983 - pyiron_log - INFO - Assigning a channel with the label step_4 to the io key config1659094442704__step_4
2025-08-19 14:05:25,983 - pyiron_log - INFO - Assigning a channel with the label step_5 to the io key config1659094442704__step_5
2025-08-19 14:05:25,983 - pyiron_log - INFO - Assigning a channel with the label step_6 to the io key config1659094442704__step_6
2025-08-19 14:05:25,983 - pyiron_log - INFO - Assigning a channel with the label num_repeats to the io key config1659094442704__num_repeats
2025-08-19 14:05:25,983 - pyiron_log - INFO - Assigning a channel with the label delta_cell to the io key config1659094442704__delta_cell
2025-08-19 14:05:25,983 - pyiron_log - INFO - Assigning a channel with the label delta_repeat to the io key config1659094442704__delta_repeat
2025-08-19 14:05:25,983 - pyiron_log - INFO - Assigning a channel with the label setup_no to the io key config1659094442704__setup_no
2025-08-19 14:05:25,984 - pyiron_log - INFO - Assigning a channel with the label printer_port to the io key config1659094442704__printer_port
2025-08-19 14:05:25,984 - pyiron_log - INFO - Assigning a channel with the label palmsens_port to the io key config1659094442704__palmsens_port
2025-08-19 14:05:25,984 - pyiron_log - INFO - Assigning a channel with the label printer_baud to the io key config1659094442704__printer_baud
2025-08-19 14:05:25,984 - pyiron_log - INFO - Assigning a channel with the label palmsens_baud to the io key config1659094442704__palmsens_baud
2025-08-19 14:05:25,984 - pyiron_log - INFO - Assigning a channel with the label simulate to the io key config1659094442704__simulate
2025-08-19 14:05:25,984 - pyiron_log - INFO - Assigning a channel with the label show_plot to the io key config1659094442704__show_plot
2025-08-19 14:05:25,984 - pyiron_log - INFO - Assigning a channel with the label cell_1 to the io key cell_selector1659114386928__cell_1
2025-08-19 14:05:25,984 - pyiron_log - INFO - Assigning a channel with the label cell_2 to the io key cell_selector1659114386928__cell_2
2025-08-19 14:05:25,984 - pyiron_log - INFO - Assigning a channel with the label cell_3 to the io key cell_selector1659114386928__cell_3
2025-08-19 14:05:25,984 - pyiron_log - INFO - Assigning a channel with the label cell_4 to the io key cell_selector1659114386928__cell_4
2025-08-19 14:05:25,984 - pyiron_log - INFO - Assigning a channel with the label cell_5 to the io key cell_selector1659114386928__cell_5
2025-08-19 14:05:25,984 - pyiron_log - INFO - Assigning a channel with the label cell_6 to the io key cell_selector1659114386928__cell_6
2025-08-19 14:05:25,984 - pyiron_log - INFO - Assigning a channel with the label cell_7 to the io key cell_selector1659114386928__cell_7
2025-08-19 14:05:25,984 - pyiron_log - INFO - Assigning a channel with the label cell_8 to the io key cell_selector1659114386928__cell_8
2025-08-19 14:05:25,984 - pyiron_log - INFO - Assigning a channel with the label cell_9 to the io key cell_selector1659114386928__cell_9
2025-08-19 14:05:25,984 - pyiron_log - INFO - Assigning a channel with the label cell_10 to the io key cell_selector1659114386928__cell_10
2025-08-19 14:05:25,984 - pyiron_log - INFO - Assigning a channel with the label cell_11 to the io key cell_selector1659114386928__cell_11
2025-08-19 14:05:25,984 - pyiron_log - INFO - Assigning a channel with the label cell_12 to the io key cell_selector1659114386928__cell_12
2025-08-19 14:05:25,984 - pyiron_log - INFO - Assigning a channel with the label cell_13 to the io key cell_selector1659114386928__cell_13
2025-08-19 14:05:25,984 - pyiron_log - INFO - Assigning a channel with the label cell_14 to the io key cell_selector1659114386928__cell_14
2025-08-19 14:05:25,984 - pyiron_log - INFO - Assigning a channel with the label cell_15 to the io key cell_selector1659114386928__cell_15
2025-08-19 14:05:25,984 - pyiron_log - INFO - Assigning a channel with the label cell_16 to the io key cell_selector1659114386928__cell_16
2025-08-19 14:05:25,984 - pyiron_log - INFO - Assigning a channel with the label step_1 to the io key config1659094442704__step_1
2025-08-19 14:05:25,984 - pyiron_log - INFO - Assigning a channel with the label step_2 to the io key config1659094442704__step_2
2025-08-19 14:05:25,984 - pyiron_log - INFO - Assigning a channel with the label step_3 to the io key config1659094442704__step_3
2025-08-19 14:05:25,984 - pyiron_log - INFO - Assigning a channel with the label step_4 to the io key config1659094442704__step_4
2025-08-19 14:05:25,984 - pyiron_log - INFO - Assigning a channel with the label step_5 to the io key config1659094442704__step_5
2025-08-19 14:05:25,984 - pyiron_log - INFO - Assigning a channel with the label step_6 to the io key config1659094442704__step_6
2025-08-19 14:05:25,984 - pyiron_log - INFO - Assigning a channel with the label num_repeats to the io key config1659094442704__num_repeats
2025-08-19 14:05:25,984 - pyiron_log - INFO - Assigning a channel with the label delta_cell to the io key config1659094442704__delta_cell
2025-08-19 14:05:25,984 - pyiron_log - INFO - Assigning a channel with the label delta_repeat to the io key config1659094442704__delta_repeat
2025-08-19 14:05:25,985 - pyiron_log - INFO - Assigning a channel with the label setup_no to the io key config1659094442704__setup_no
2025-08-19 14:05:25,985 - pyiron_log - INFO - Assigning a channel with the label printer_port to the io key config1659094442704__printer_port
2025-08-19 14:05:25,985 - pyiron_log - INFO - Assigning a channel with the label palmsens_port to the io key config1659094442704__palmsens_port
2025-08-19 14:05:25,985 - pyiron_log - INFO - Assigning a channel with the label printer_baud to the io key config1659094442704__printer_baud
2025-08-19 14:05:25,985 - pyiron_log - INFO - Assigning a channel with the label palmsens_baud to the io key config1659094442704__palmsens_baud
2025-08-19 14:05:25,985 - pyiron_log - INFO - Assigning a channel with the label simulate to the io key config1659094442704__simulate
2025-08-19 14:05:25,985 - pyiron_log - INFO - Assigning a channel with the label show_plot to the io key config1659094442704__show_plot
2025-08-19 14:05:25,985 - pyiron_log - INFO - Assigning a channel with the label cell_1 to the io key cell_selector1659114386928__cell_1
2025-08-19 14:05:25,985 - pyiron_log - INFO - Assigning a channel with the label cell_2 to the io key cell_selector1659114386928__cell_2
2025-08-19 14:05:25,985 - pyiron_log - INFO - Assigning a channel with the label cell_3 to the io key cell_selector1659114386928__cell_3
2025-08-19 14:05:25,985 - pyiron_log - INFO - Assigning a channel with the label cell_4 to the io key cell_selector1659114386928__cell_4
2025-08-19 14:05:25,985 - pyiron_log - INFO - Assigning a channel with the label cell_5 to the io key cell_selector1659114386928__cell_5
2025-08-19 14:05:25,985 - pyiron_log - INFO - Assigning a channel with the label cell_6 to the io key cell_selector1659114386928__cell_6
2025-08-19 14:05:25,985 - pyiron_log - INFO - Assigning a channel with the label cell_7 to the io key cell_selector1659114386928__cell_7
2025-08-19 14:05:25,985 - pyiron_log - INFO - Assigning a channel with the label cell_8 to the io key cell_selector1659114386928__cell_8
2025-08-19 14:05:25,985 - pyiron_log - INFO - Assigning a channel with the label cell_9 to the io key cell_selector1659114386928__cell_9
2025-08-19 14:05:25,985 - pyiron_log - INFO - Assigning a channel with the label cell_10 to the io key cell_selector1659114386928__cell_10
2025-08-19 14:05:25,985 - pyiron_log - INFO - Assigning a channel with the label cell_11 to the io key cell_selector1659114386928__cell_11
2025-08-19 14:05:25,985 - pyiron_log - INFO - Assigning a channel with the label cell_12 to the io key cell_selector1659114386928__cell_12
2025-08-19 14:05:25,985 - pyiron_log - INFO - Assigning a channel with the label cell_13 to the io key cell_selector1659114386928__cell_13
2025-08-19 14:05:25,985 - pyiron_log - INFO - Assigning a channel with the label cell_14 to the io key cell_selector1659114386928__cell_14
2025-08-19 14:05:25,985 - pyiron_log - INFO - Assigning a channel with the label cell_15 to the io key cell_selector1659114386928__cell_15
2025-08-19 14:05:25,985 - pyiron_log - INFO - Assigning a channel with the label cell_16 to the io key cell_selector1659114386928__cell_16
2025-08-19 14:05:25,985 - pyiron_log - INFO - Assigning a channel with the label step_1 to the io key config1659094442704__step_1
2025-08-19 14:05:25,985 - pyiron_log - INFO - Assigning a channel with the label step_2 to the io key config1659094442704__step_2
2025-08-19 14:05:25,985 - pyiron_log - INFO - Assigning a channel with the label step_3 to the io key config1659094442704__step_3
2025-08-19 14:05:25,985 - pyiron_log - INFO - Assigning a channel with the label step_4 to the io key config1659094442704__step_4
2025-08-19 14:05:25,985 - pyiron_log - INFO - Assigning a channel with the label step_5 to the io key config1659094442704__step_5
2025-08-19 14:05:25,985 - pyiron_log - INFO - Assigning a channel with the label step_6 to the io key config1659094442704__step_6
2025-08-19 14:05:25,985 - pyiron_log - INFO - Assigning a channel with the label num_repeats to the io key config1659094442704__num_repeats
2025-08-19 14:05:25,985 - pyiron_log - INFO - Assigning a channel with the label delta_cell to the io key config1659094442704__delta_cell
2025-08-19 14:05:25,986 - pyiron_log - INFO - Assigning a channel with the label delta_repeat to the io key config1659094442704__delta_repeat
2025-08-19 14:05:25,986 - pyiron_log - INFO - Assigning a channel with the label setup_no to the io key config1659094442704__setup_no
2025-08-19 14:05:25,986 - pyiron_log - INFO - Assigning a channel with the label printer_port to the io key config1659094442704__printer_port
2025-08-19 14:05:25,986 - pyiron_log - INFO - Assigning a channel with the label palmsens_port to the io key config1659094442704__palmsens_port
2025-08-19 14:05:25,986 - pyiron_log - INFO - Assigning a channel with the label printer_baud to the io key config1659094442704__printer_baud
2025-08-19 14:05:25,986 - pyiron_log - INFO - Assigning a channel with the label palmsens_baud to the io key config1659094442704__palmsens_baud
2025-08-19 14:05:25,986 - pyiron_log - INFO - Assigning a channel with the label simulate to the io key config1659094442704__simulate
2025-08-19 14:05:25,986 - pyiron_log - INFO - Assigning a channel with the label show_plot to the io key config1659094442704__show_plot
2025-08-19 14:05:25,986 - pyiron_log - INFO - Assigning a channel with the label status to the io key mover1659114540064__status
2025-08-19 14:07:57,731 - pyiron_log - INFO - Assigning a channel with the label cell_1 to the io key cell_selector1659114386928__cell_1
2025-08-19 14:07:57,732 - pyiron_log - INFO - Assigning a channel with the label cell_2 to the io key cell_selector1659114386928__cell_2
2025-08-19 14:07:57,732 - pyiron_log - INFO - Assigning a channel with the label cell_3 to the io key cell_selector1659114386928__cell_3
2025-08-19 14:07:57,732 - pyiron_log - INFO - Assigning a channel with the label cell_4 to the io key cell_selector1659114386928__cell_4
2025-08-19 14:07:57,732 - pyiron_log - INFO - Assigning a channel with the label cell_5 to the io key cell_selector1659114386928__cell_5
2025-08-19 14:07:57,732 - pyiron_log - INFO - Assigning a channel with the label cell_6 to the io key cell_selector1659114386928__cell_6
2025-08-19 14:07:57,732 - pyiron_log - INFO - Assigning a channel with the label cell_7 to the io key cell_selector1659114386928__cell_7
2025-08-19 14:07:57,732 - pyiron_log - INFO - Assigning a channel with the label cell_8 to the io key cell_selector1659114386928__cell_8
2025-08-19 14:07:57,732 - pyiron_log - INFO - Assigning a channel with the label cell_9 to the io key cell_selector1659114386928__cell_9
2025-08-19 14:07:57,732 - pyiron_log - INFO - Assigning a channel with the label cell_10 to the io key cell_selector1659114386928__cell_10
2025-08-19 14:07:57,732 - pyiron_log - INFO - Assigning a channel with the label cell_11 to the io key cell_selector1659114386928__cell_11
2025-08-19 14:07:57,732 - pyiron_log - INFO - Assigning a channel with the label cell_12 to the io key cell_selector1659114386928__cell_12
2025-08-19 14:07:57,732 - pyiron_log - INFO - Assigning a channel with the label cell_13 to the io key cell_selector1659114386928__cell_13
2025-08-19 14:07:57,732 - pyiron_log - INFO - Assigning a channel with the label cell_14 to the io key cell_selector1659114386928__cell_14
2025-08-19 14:07:57,732 - pyiron_log - INFO - Assigning a channel with the label cell_15 to the io key cell_selector1659114386928__cell_15
2025-08-19 14:07:57,732 - pyiron_log - INFO - Assigning a channel with the label cell_16 to the io key cell_selector1659114386928__cell_16
2025-08-19 14:07:57,732 - pyiron_log - INFO - Assigning a channel with the label step_1 to the io key config1659094442704__step_1
2025-08-19 14:07:57,732 - pyiron_log - INFO - Assigning a channel with the label step_2 to the io key config1659094442704__step_2
2025-08-19 14:07:57,732 - pyiron_log - INFO - Assigning a channel with the label step_3 to the io key config1659094442704__step_3
2025-08-19 14:07:57,732 - pyiron_log - INFO - Assigning a channel with the label step_4 to the io key config1659094442704__step_4
2025-08-19 14:07:57,732 - pyiron_log - INFO - Assigning a channel with the label step_5 to the io key config1659094442704__step_5
2025-08-19 14:07:57,732 - pyiron_log - INFO - Assigning a channel with the label step_6 to the io key config1659094442704__step_6
2025-08-19 14:07:57,733 - pyiron_log - INFO - Assigning a channel with the label num_repeats to the io key config1659094442704__num_repeats
2025-08-19 14:07:57,733 - pyiron_log - INFO - Assigning a channel with the label delta_cell to the io key config1659094442704__delta_cell
2025-08-19 14:07:57,733 - pyiron_log - INFO - Assigning a channel with the label delta_repeat to the io key config1659094442704__delta_repeat
2025-08-19 14:07:57,733 - pyiron_log - INFO - Assigning a channel with the label setup_no to the io key config1659094442704__setup_no
2025-08-19 14:07:57,733 - pyiron_log - INFO - Assigning a channel with the label printer_port to the io key config1659094442704__printer_port
2025-08-19 14:07:57,733 - pyiron_log - INFO - Assigning a channel with the label palmsens_port to the io key config1659094442704__palmsens_port
2025-08-19 14:07:57,733 - pyiron_log - INFO - Assigning a channel with the label printer_baud to the io key config1659094442704__printer_baud
2025-08-19 14:07:57,733 - pyiron_log - INFO - Assigning a channel with the label palmsens_baud to the io key config1659094442704__palmsens_baud
2025-08-19 14:07:57,733 - pyiron_log - INFO - Assigning a channel with the label simulate to the io key config1659094442704__simulate
2025-08-19 14:07:57,733 - pyiron_log - INFO - Assigning a channel with the label show_plot to the io key config1659094442704__show_plot
2025-08-19 14:07:57,733 - pyiron_log - INFO - Assigning a channel with the label cell_1 to the io key cell_selector1659114386928__cell_1
2025-08-19 14:07:57,733 - pyiron_log - INFO - Assigning a channel with the label cell_2 to the io key cell_selector1659114386928__cell_2
2025-08-19 14:07:57,733 - pyiron_log - INFO - Assigning a channel with the label cell_3 to the io key cell_selector1659114386928__cell_3
2025-08-19 14:07:57,733 - pyiron_log - INFO - Assigning a channel with the label cell_4 to the io key cell_selector1659114386928__cell_4
2025-08-19 14:07:57,733 - pyiron_log - INFO - Assigning a channel with the label cell_5 to the io key cell_selector1659114386928__cell_5
2025-08-19 14:07:57,733 - pyiron_log - INFO - Assigning a channel with the label cell_6 to the io key cell_selector1659114386928__cell_6
2025-08-19 14:07:57,733 - pyiron_log - INFO - Assigning a channel with the label cell_7 to the io key cell_selector1659114386928__cell_7
2025-08-19 14:07:57,733 - pyiron_log - INFO - Assigning a channel with the label cell_8 to the io key cell_selector1659114386928__cell_8
2025-08-19 14:07:57,733 - pyiron_log - INFO - Assigning a channel with the label cell_9 to the io key cell_selector1659114386928__cell_9
2025-08-19 14:07:57,733 - pyiron_log - INFO - Assigning a channel with the label cell_10 to the io key cell_selector1659114386928__cell_10
2025-08-19 14:07:57,733 - pyiron_log - INFO - Assigning a channel with the label cell_11 to the io key cell_selector1659114386928__cell_11
2025-08-19 14:07:57,733 - pyiron_log - INFO - Assigning a channel with the label cell_12 to the io key cell_selector1659114386928__cell_12
2025-08-19 14:07:57,733 - pyiron_log - INFO - Assigning a channel with the label cell_13 to the io key cell_selector1659114386928__cell_13
2025-08-19 14:07:57,733 - pyiron_log - INFO - Assigning a channel with the label cell_14 to the io key cell_selector1659114386928__cell_14
2025-08-19 14:07:57,733 - pyiron_log - INFO - Assigning a channel with the label cell_15 to the io key cell_selector1659114386928__cell_15
2025-08-19 14:07:57,733 - pyiron_log - INFO - Assigning a channel with the label cell_16 to the io key cell_selector1659114386928__cell_16
2025-08-19 14:07:57,733 - pyiron_log - INFO - Assigning a channel with the label step_1 to the io key config1659094442704__step_1
2025-08-19 14:07:57,733 - pyiron_log - INFO - Assigning a channel with the label step_2 to the io key config1659094442704__step_2
2025-08-19 14:07:57,733 - pyiron_log - INFO - Assigning a channel with the label step_3 to the io key config1659094442704__step_3
2025-08-19 14:07:57,733 - pyiron_log - INFO - Assigning a channel with the label step_4 to the io key config1659094442704__step_4
2025-08-19 14:07:57,734 - pyiron_log - INFO - Assigning a channel with the label step_5 to the io key config1659094442704__step_5
2025-08-19 14:07:57,734 - pyiron_log - INFO - Assigning a channel with the label step_6 to the io key config1659094442704__step_6
2025-08-19 14:07:57,734 - pyiron_log - INFO - Assigning a channel with the label num_repeats to the io key config1659094442704__num_repeats
2025-08-19 14:07:57,734 - pyiron_log - INFO - Assigning a channel with the label delta_cell to the io key config1659094442704__delta_cell
2025-08-19 14:07:57,734 - pyiron_log - INFO - Assigning a channel with the label delta_repeat to the io key config1659094442704__delta_repeat
2025-08-19 14:07:57,734 - pyiron_log - INFO - Assigning a channel with the label setup_no to the io key config1659094442704__setup_no
2025-08-19 14:07:57,734 - pyiron_log - INFO - Assigning a channel with the label printer_port to the io key config1659094442704__printer_port
2025-08-19 14:07:57,734 - pyiron_log - INFO - Assigning a channel with the label palmsens_port to the io key config1659094442704__palmsens_port
2025-08-19 14:07:57,734 - pyiron_log - INFO - Assigning a channel with the label printer_baud to the io key config1659094442704__printer_baud
2025-08-19 14:07:57,734 - pyiron_log - INFO - Assigning a channel with the label palmsens_baud to the io key config1659094442704__palmsens_baud
2025-08-19 14:07:57,734 - pyiron_log - INFO - Assigning a channel with the label simulate to the io key config1659094442704__simulate
2025-08-19 14:07:57,734 - pyiron_log - INFO - Assigning a channel with the label show_plot to the io key config1659094442704__show_plot
2025-08-19 14:07:57,734 - pyiron_log - INFO - Assigning a channel with the label cell_1 to the io key cell_selector1659114386928__cell_1
2025-08-19 14:07:57,734 - pyiron_log - INFO - Assigning a channel with the label cell_2 to the io key cell_selector1659114386928__cell_2
2025-08-19 14:07:57,734 - pyiron_log - INFO - Assigning a channel with the label cell_3 to the io key cell_selector1659114386928__cell_3
2025-08-19 14:07:57,734 - pyiron_log - INFO - Assigning a channel with the label cell_4 to the io key cell_selector1659114386928__cell_4
2025-08-19 14:07:57,734 - pyiron_log - INFO - Assigning a channel with the label cell_5 to the io key cell_selector1659114386928__cell_5
2025-08-19 14:07:57,734 - pyiron_log - INFO - Assigning a channel with the label cell_6 to the io key cell_selector1659114386928__cell_6
2025-08-19 14:07:57,734 - pyiron_log - INFO - Assigning a channel with the label cell_7 to the io key cell_selector1659114386928__cell_7
2025-08-19 14:07:57,734 - pyiron_log - INFO - Assigning a channel with the label cell_8 to the io key cell_selector1659114386928__cell_8
2025-08-19 14:07:57,734 - pyiron_log - INFO - Assigning a channel with the label cell_9 to the io key cell_selector1659114386928__cell_9
2025-08-19 14:07:57,734 - pyiron_log - INFO - Assigning a channel with the label cell_10 to the io key cell_selector1659114386928__cell_10
2025-08-19 14:07:57,734 - pyiron_log - INFO - Assigning a channel with the label cell_11 to the io key cell_selector1659114386928__cell_11
2025-08-19 14:07:57,734 - pyiron_log - INFO - Assigning a channel with the label cell_12 to the io key cell_selector1659114386928__cell_12
2025-08-19 14:07:57,734 - pyiron_log - INFO - Assigning a channel with the label cell_13 to the io key cell_selector1659114386928__cell_13
2025-08-19 14:07:57,734 - pyiron_log - INFO - Assigning a channel with the label cell_14 to the io key cell_selector1659114386928__cell_14
2025-08-19 14:07:57,734 - pyiron_log - INFO - Assigning a channel with the label cell_15 to the io key cell_selector1659114386928__cell_15
2025-08-19 14:07:57,734 - pyiron_log - INFO - Assigning a channel with the label cell_16 to the io key cell_selector1659114386928__cell_16
2025-08-19 14:07:57,734 - pyiron_log - INFO - Assigning a channel with the label step_1 to the io key config1659094442704__step_1
2025-08-19 14:07:57,734 - pyiron_log - INFO - Assigning a channel with the label step_2 to the io key config1659094442704__step_2
2025-08-19 14:07:57,734 - pyiron_log - INFO - Assigning a channel with the label step_3 to the io key config1659094442704__step_3
2025-08-19 14:07:57,734 - pyiron_log - INFO - Assigning a channel with the label step_4 to the io key config1659094442704__step_4
2025-08-19 14:07:57,735 - pyiron_log - INFO - Assigning a channel with the label step_5 to the io key config1659094442704__step_5
2025-08-19 14:07:57,735 - pyiron_log - INFO - Assigning a channel with the label step_6 to the io key config1659094442704__step_6
2025-08-19 14:07:57,735 - pyiron_log - INFO - Assigning a channel with the label num_repeats to the io key config1659094442704__num_repeats
2025-08-19 14:07:57,735 - pyiron_log - INFO - Assigning a channel with the label delta_cell to the io key config1659094442704__delta_cell
2025-08-19 14:07:57,735 - pyiron_log - INFO - Assigning a channel with the label delta_repeat to the io key config1659094442704__delta_repeat
2025-08-19 14:07:57,735 - pyiron_log - INFO - Assigning a channel with the label setup_no to the io key config1659094442704__setup_no
2025-08-19 14:07:57,735 - pyiron_log - INFO - Assigning a channel with the label printer_port to the io key config1659094442704__printer_port
2025-08-19 14:07:57,735 - pyiron_log - INFO - Assigning a channel with the label palmsens_port to the io key config1659094442704__palmsens_port
2025-08-19 14:07:57,735 - pyiron_log - INFO - Assigning a channel with the label printer_baud to the io key config1659094442704__printer_baud
2025-08-19 14:07:57,735 - pyiron_log - INFO - Assigning a channel with the label palmsens_baud to the io key config1659094442704__palmsens_baud
2025-08-19 14:07:57,735 - pyiron_log - INFO - Assigning a channel with the label simulate to the io key config1659094442704__simulate
2025-08-19 14:07:57,735 - pyiron_log - INFO - Assigning a channel with the label show_plot to the io key config1659094442704__show_plot
2025-08-19 14:07:57,735 - pyiron_log - INFO - Assigning a channel with the label cell_1 to the io key cell_selector1659114386928__cell_1
2025-08-19 14:07:57,735 - pyiron_log - INFO - Assigning a channel with the label cell_2 to the io key cell_selector1659114386928__cell_2
2025-08-19 14:07:57,735 - pyiron_log - INFO - Assigning a channel with the label cell_3 to the io key cell_selector1659114386928__cell_3
2025-08-19 14:07:57,735 - pyiron_log - INFO - Assigning a channel with the label cell_4 to the io key cell_selector1659114386928__cell_4
2025-08-19 14:07:57,735 - pyiron_log - INFO - Assigning a channel with the label cell_5 to the io key cell_selector1659114386928__cell_5
2025-08-19 14:07:57,735 - pyiron_log - INFO - Assigning a channel with the label cell_6 to the io key cell_selector1659114386928__cell_6
2025-08-19 14:07:57,735 - pyiron_log - INFO - Assigning a channel with the label cell_7 to the io key cell_selector1659114386928__cell_7
2025-08-19 14:07:57,735 - pyiron_log - INFO - Assigning a channel with the label cell_8 to the io key cell_selector1659114386928__cell_8
2025-08-19 14:07:57,735 - pyiron_log - INFO - Assigning a channel with the label cell_9 to the io key cell_selector1659114386928__cell_9
2025-08-19 14:07:57,735 - pyiron_log - INFO - Assigning a channel with the label cell_10 to the io key cell_selector1659114386928__cell_10
2025-08-19 14:07:57,735 - pyiron_log - INFO - Assigning a channel with the label cell_11 to the io key cell_selector1659114386928__cell_11
2025-08-19 14:07:57,735 - pyiron_log - INFO - Assigning a channel with the label cell_12 to the io key cell_selector1659114386928__cell_12
2025-08-19 14:07:57,735 - pyiron_log - INFO - Assigning a channel with the label cell_13 to the io key cell_selector1659114386928__cell_13
2025-08-19 14:07:57,735 - pyiron_log - INFO - Assigning a channel with the label cell_14 to the io key cell_selector1659114386928__cell_14
2025-08-19 14:07:57,735 - pyiron_log - INFO - Assigning a channel with the label cell_15 to the io key cell_selector1659114386928__cell_15
2025-08-19 14:07:57,735 - pyiron_log - INFO - Assigning a channel with the label cell_16 to the io key cell_selector1659114386928__cell_16
2025-08-19 14:07:57,735 - pyiron_log - INFO - Assigning a channel with the label step_1 to the io key config1659094442704__step_1
2025-08-19 14:07:57,735 - pyiron_log - INFO - Assigning a channel with the label step_2 to the io key config1659094442704__step_2
2025-08-19 14:07:57,735 - pyiron_log - INFO - Assigning a channel with the label step_3 to the io key config1659094442704__step_3
2025-08-19 14:07:57,736 - pyiron_log - INFO - Assigning a channel with the label step_4 to the io key config1659094442704__step_4
2025-08-19 14:07:57,736 - pyiron_log - INFO - Assigning a channel with the label step_5 to the io key config1659094442704__step_5
2025-08-19 14:07:57,736 - pyiron_log - INFO - Assigning a channel with the label step_6 to the io key config1659094442704__step_6
2025-08-19 14:07:57,736 - pyiron_log - INFO - Assigning a channel with the label num_repeats to the io key config1659094442704__num_repeats
2025-08-19 14:07:57,736 - pyiron_log - INFO - Assigning a channel with the label delta_cell to the io key config1659094442704__delta_cell
2025-08-19 14:07:57,736 - pyiron_log - INFO - Assigning a channel with the label delta_repeat to the io key config1659094442704__delta_repeat
2025-08-19 14:07:57,736 - pyiron_log - INFO - Assigning a channel with the label setup_no to the io key config1659094442704__setup_no
2025-08-19 14:07:57,736 - pyiron_log - INFO - Assigning a channel with the label printer_port to the io key config1659094442704__printer_port
2025-08-19 14:07:57,736 - pyiron_log - INFO - Assigning a channel with the label palmsens_port to the io key config1659094442704__palmsens_port
2025-08-19 14:07:57,736 - pyiron_log - INFO - Assigning a channel with the label printer_baud to the io key config1659094442704__printer_baud
2025-08-19 14:07:57,736 - pyiron_log - INFO - Assigning a channel with the label palmsens_baud to the io key config1659094442704__palmsens_baud
2025-08-19 14:07:57,736 - pyiron_log - INFO - Assigning a channel with the label simulate to the io key config1659094442704__simulate
2025-08-19 14:07:57,736 - pyiron_log - INFO - Assigning a channel with the label show_plot to the io key config1659094442704__show_plot
2025-08-19 14:07:57,736 - pyiron_log - INFO - Assigning a channel with the label cell_1 to the io key cell_selector1659114386928__cell_1
2025-08-19 14:07:57,736 - pyiron_log - INFO - Assigning a channel with the label cell_2 to the io key cell_selector1659114386928__cell_2
2025-08-19 14:07:57,736 - pyiron_log - INFO - Assigning a channel with the label cell_3 to the io key cell_selector1659114386928__cell_3
2025-08-19 14:07:57,736 - pyiron_log - INFO - Assigning a channel with the label cell_4 to the io key cell_selector1659114386928__cell_4
2025-08-19 14:07:57,736 - pyiron_log - INFO - Assigning a channel with the label cell_5 to the io key cell_selector1659114386928__cell_5
2025-08-19 14:07:57,736 - pyiron_log - INFO - Assigning a channel with the label cell_6 to the io key cell_selector1659114386928__cell_6
2025-08-19 14:07:57,736 - pyiron_log - INFO - Assigning a channel with the label cell_7 to the io key cell_selector1659114386928__cell_7
2025-08-19 14:07:57,736 - pyiron_log - INFO - Assigning a channel with the label cell_8 to the io key cell_selector1659114386928__cell_8
2025-08-19 14:07:57,736 - pyiron_log - INFO - Assigning a channel with the label cell_9 to the io key cell_selector1659114386928__cell_9
2025-08-19 14:07:57,736 - pyiron_log - INFO - Assigning a channel with the label cell_10 to the io key cell_selector1659114386928__cell_10
2025-08-19 14:07:57,736 - pyiron_log - INFO - Assigning a channel with the label cell_11 to the io key cell_selector1659114386928__cell_11
2025-08-19 14:07:57,736 - pyiron_log - INFO - Assigning a channel with the label cell_12 to the io key cell_selector1659114386928__cell_12
2025-08-19 14:07:57,736 - pyiron_log - INFO - Assigning a channel with the label cell_13 to the io key cell_selector1659114386928__cell_13
2025-08-19 14:07:57,736 - pyiron_log - INFO - Assigning a channel with the label cell_14 to the io key cell_selector1659114386928__cell_14
2025-08-19 14:07:57,736 - pyiron_log - INFO - Assigning a channel with the label cell_15 to the io key cell_selector1659114386928__cell_15
2025-08-19 14:07:57,736 - pyiron_log - INFO - Assigning a channel with the label cell_16 to the io key cell_selector1659114386928__cell_16
2025-08-19 14:07:57,736 - pyiron_log - INFO - Assigning a channel with the label step_1 to the io key config1659094442704__step_1
2025-08-19 14:07:57,736 - pyiron_log - INFO - Assigning a channel with the label step_2 to the io key config1659094442704__step_2
2025-08-19 14:07:57,736 - pyiron_log - INFO - Assigning a channel with the label step_3 to the io key config1659094442704__step_3
2025-08-19 14:07:57,737 - pyiron_log - INFO - Assigning a channel with the label step_4 to the io key config1659094442704__step_4
2025-08-19 14:07:57,737 - pyiron_log - INFO - Assigning a channel with the label step_5 to the io key config1659094442704__step_5
2025-08-19 14:07:57,737 - pyiron_log - INFO - Assigning a channel with the label step_6 to the io key config1659094442704__step_6
2025-08-19 14:07:57,737 - pyiron_log - INFO - Assigning a channel with the label num_repeats to the io key config1659094442704__num_repeats
2025-08-19 14:07:57,737 - pyiron_log - INFO - Assigning a channel with the label delta_cell to the io key config1659094442704__delta_cell
2025-08-19 14:07:57,737 - pyiron_log - INFO - Assigning a channel with the label delta_repeat to the io key config1659094442704__delta_repeat
2025-08-19 14:07:57,737 - pyiron_log - INFO - Assigning a channel with the label setup_no to the io key config1659094442704__setup_no
2025-08-19 14:07:57,737 - pyiron_log - INFO - Assigning a channel with the label printer_port to the io key config1659094442704__printer_port
2025-08-19 14:07:57,737 - pyiron_log - INFO - Assigning a channel with the label palmsens_port to the io key config1659094442704__palmsens_port
2025-08-19 14:07:57,737 - pyiron_log - INFO - Assigning a channel with the label printer_baud to the io key config1659094442704__printer_baud
2025-08-19 14:07:57,737 - pyiron_log - INFO - Assigning a channel with the label palmsens_baud to the io key config1659094442704__palmsens_baud
2025-08-19 14:07:57,737 - pyiron_log - INFO - Assigning a channel with the label simulate to the io key config1659094442704__simulate
2025-08-19 14:07:57,737 - pyiron_log - INFO - Assigning a channel with the label show_plot to the io key config1659094442704__show_plot
2025-08-19 14:07:57,737 - pyiron_log - INFO - Assigning a channel with the label cell_1 to the io key cell_selector1659114386928__cell_1
2025-08-19 14:07:57,737 - pyiron_log - INFO - Assigning a channel with the label cell_2 to the io key cell_selector1659114386928__cell_2
2025-08-19 14:07:57,737 - pyiron_log - INFO - Assigning a channel with the label cell_3 to the io key cell_selector1659114386928__cell_3
2025-08-19 14:07:57,737 - pyiron_log - INFO - Assigning a channel with the label cell_4 to the io key cell_selector1659114386928__cell_4
2025-08-19 14:07:57,737 - pyiron_log - INFO - Assigning a channel with the label cell_5 to the io key cell_selector1659114386928__cell_5
2025-08-19 14:07:57,737 - pyiron_log - INFO - Assigning a channel with the label cell_6 to the io key cell_selector1659114386928__cell_6
2025-08-19 14:07:57,737 - pyiron_log - INFO - Assigning a channel with the label cell_7 to the io key cell_selector1659114386928__cell_7
2025-08-19 14:07:57,737 - pyiron_log - INFO - Assigning a channel with the label cell_8 to the io key cell_selector1659114386928__cell_8
2025-08-19 14:07:57,737 - pyiron_log - INFO - Assigning a channel with the label cell_9 to the io key cell_selector1659114386928__cell_9
2025-08-19 14:07:57,737 - pyiron_log - INFO - Assigning a channel with the label cell_10 to the io key cell_selector1659114386928__cell_10
2025-08-19 14:07:57,737 - pyiron_log - INFO - Assigning a channel with the label cell_11 to the io key cell_selector1659114386928__cell_11
2025-08-19 14:07:57,737 - pyiron_log - INFO - Assigning a channel with the label cell_12 to the io key cell_selector1659114386928__cell_12
2025-08-19 14:07:57,737 - pyiron_log - INFO - Assigning a channel with the label cell_13 to the io key cell_selector1659114386928__cell_13
2025-08-19 14:07:57,737 - pyiron_log - INFO - Assigning a channel with the label cell_14 to the io key cell_selector1659114386928__cell_14
2025-08-19 14:07:57,737 - pyiron_log - INFO - Assigning a channel with the label cell_15 to the io key cell_selector1659114386928__cell_15
2025-08-19 14:07:57,737 - pyiron_log - INFO - Assigning a channel with the label cell_16 to the io key cell_selector1659114386928__cell_16
2025-08-19 14:07:57,737 - pyiron_log - INFO - Assigning a channel with the label step_1 to the io key config1659094442704__step_1
2025-08-19 14:07:57,737 - pyiron_log - INFO - Assigning a channel with the label step_2 to the io key config1659094442704__step_2
2025-08-19 14:07:57,737 - pyiron_log - INFO - Assigning a channel with the label step_3 to the io key config1659094442704__step_3
2025-08-19 14:07:57,737 - pyiron_log - INFO - Assigning a channel with the label step_4 to the io key config1659094442704__step_4
2025-08-19 14:07:57,737 - pyiron_log - INFO - Assigning a channel with the label step_5 to the io key config1659094442704__step_5
2025-08-19 14:07:57,737 - pyiron_log - INFO - Assigning a channel with the label step_6 to the io key config1659094442704__step_6
2025-08-19 14:07:57,737 - pyiron_log - INFO - Assigning a channel with the label num_repeats to the io key config1659094442704__num_repeats
2025-08-19 14:07:57,737 - pyiron_log - INFO - Assigning a channel with the label delta_cell to the io key config1659094442704__delta_cell
2025-08-19 14:07:57,737 - pyiron_log - INFO - Assigning a channel with the label delta_repeat to the io key config1659094442704__delta_repeat
2025-08-19 14:07:57,737 - pyiron_log - INFO - Assigning a channel with the label setup_no to the io key config1659094442704__setup_no
2025-08-19 14:07:57,737 - pyiron_log - INFO - Assigning a channel with the label printer_port to the io key config1659094442704__printer_port
2025-08-19 14:07:57,737 - pyiron_log - INFO - Assigning a channel with the label palmsens_port to the io key config1659094442704__palmsens_port
2025-08-19 14:07:57,737 - pyiron_log - INFO - Assigning a channel with the label printer_baud to the io key config1659094442704__printer_baud
2025-08-19 14:07:57,737 - pyiron_log - INFO - Assigning a channel with the label palmsens_baud to the io key config1659094442704__palmsens_baud
2025-08-19 14:07:57,737 - pyiron_log - INFO - Assigning a channel with the label simulate to the io key config1659094442704__simulate
2025-08-19 14:07:57,737 - pyiron_log - INFO - Assigning a channel with the label show_plot to the io key config1659094442704__show_plot
2025-08-19 14:07:57,739 - pyiron_log - INFO - Assigning a channel with the label status to the io key mover1659114540064__status
